<?xml version="1.0" encoding="UTF-8"?>
<!-- Generated by org.testng.reporters.JUnitXMLReporter -->
<testsuite hostname="DESKTOP-OJD6TFS" name="Test" tests="15" failures="0" timestamp="14 Oct 2020 19:39:19 GMT" time="0.05" errors="0">
  <testcase name="substractionb" time="0.015" classname="com.shoaib.testng.InvocationCountConcept"/>
  <testcase name="substractionb" time="0.0" classname="com.shoaib.testng.InvocationCountConcept"/>
  <testcase name="substractionb" time="0.001" classname="com.shoaib.testng.InvocationCountConcept"/>
  <testcase name="substractionb" time="0.001" classname="com.shoaib.testng.InvocationCountConcept"/>
  <testcase name="substractionb" time="0.0" classname="com.shoaib.testng.InvocationCountConcept"/>
  <testcase name="sum" time="0.0" classname="com.shoaib.testng.InvocationCountConcept"/>
  <testcase name="sum" time="0.0" classname="com.shoaib.testng.InvocationCountConcept"/>
  <testcase name="sum" time="0.0" classname="com.shoaib.testng.InvocationCountConcept"/>
  <testcase name="sum" time="0.0" classname="com.shoaib.testng.InvocationCountConcept"/>
  <testcase name="sum" time="0.0" classname="com.shoaib.testng.InvocationCountConcept"/>
  <testcase name="sum" time="0.0" classname="com.shoaib.testng.InvocationCountConcept"/>
  <testcase name="sum" time="0.001" classname="com.shoaib.testng.InvocationCountConcept"/>
  <testcase name="sum" time="0.0" classname="com.shoaib.testng.InvocationCountConcept"/>
  <testcase name="sum" time="0.001" classname="com.shoaib.testng.InvocationCountConcept"/>
  <testcase name="sum" time="0.001" classname="com.shoaib.testng.InvocationCountConcept"/>
</testsuite> <!-- Test -->
