<?xml version="1.0" encoding="UTF-8"?>
<!-- Generated by org.testng.reporters.JUnitXMLReporter -->
<testsuite hostname="DESKTOP-OJD6TFS" name="Test Sanity" tests="19" failures="1" timestamp="14 Oct 2020 19:41:41 GMT" time="29.323" errors="0">
  <testcase name="substractionb" time="0.009" classname="com.shoaib.testng.InvocationCountConcept"/>
  <testcase name="substractionb" time="0.0" classname="com.shoaib.testng.InvocationCountConcept"/>
  <testcase name="substractionb" time="0.0" classname="com.shoaib.testng.InvocationCountConcept"/>
  <testcase name="substractionb" time="0.0" classname="com.shoaib.testng.InvocationCountConcept"/>
  <testcase name="substractionb" time="0.001" classname="com.shoaib.testng.InvocationCountConcept"/>
  <testcase name="sum" time="0.001" classname="com.shoaib.testng.InvocationCountConcept"/>
  <testcase name="sum" time="0.001" classname="com.shoaib.testng.InvocationCountConcept"/>
  <testcase name="sum" time="0.001" classname="com.shoaib.testng.InvocationCountConcept"/>
  <testcase name="sum" time="0.001" classname="com.shoaib.testng.InvocationCountConcept"/>
  <testcase name="sum" time="0.001" classname="com.shoaib.testng.InvocationCountConcept"/>
  <testcase name="sum" time="0.001" classname="com.shoaib.testng.InvocationCountConcept"/>
  <testcase name="sum" time="0.001" classname="com.shoaib.testng.InvocationCountConcept"/>
  <testcase name="sum" time="0.001" classname="com.shoaib.testng.InvocationCountConcept"/>
  <testcase name="sum" time="0.0" classname="com.shoaib.testng.InvocationCountConcept"/>
  <testcase name="sum" time="0.0" classname="com.shoaib.testng.InvocationCountConcept"/>
  <testcase name="googleLogoTest" time="0.082" classname="com.shoaib.testng.AssertConcept"/>
  <testcase name="googleTitleTest" time="0.009" classname="com.shoaib.testng.AssertConcept"/>
  <testcase name="handleException" time="0.0" classname="com.shoaib.testng.ExceptionTimeoutConcept"/>
  <testcase name="infiniteloop" time="0.006" classname="com.shoaib.testng.ExceptionTimeoutConcept">
    <failure type="org.testng.internal.thread.ThreadTimeoutException" message="Method org.testng.internal.TestNGMethod.infiniteloop() didn&amp;apos;t finish within the time-out 2">
      <![CDATA[org.testng.internal.thread.ThreadTimeoutException: Method org.testng.internal.TestNGMethod.infiniteloop() didn't finish within the time-out 2
	at java.lang.System.arraycopy(Native Method)
	at java.io.BufferedOutputStream.write(Unknown Source)
	at java.io.PrintStream.write(Unknown Source)
	at sun.nio.cs.StreamEncoder.writeBytes(Unknown Source)
	at sun.nio.cs.StreamEncoder.implFlushBuffer(Unknown Source)
	at sun.nio.cs.StreamEncoder.flushBuffer(Unknown Source)
	at java.io.OutputStreamWriter.flushBuffer(Unknown Source)
	at java.io.PrintStream.newLine(Unknown Source)
	at java.io.PrintStream.println(Unknown Source)
	at com.shoaib.testng.ExceptionTimeoutConcept.infiniteloop(ExceptionTimeoutConcept.java:16)
	at java.util.concurrent.Executors$RunnableAdapter.call(Unknown Source)
	at java.util.concurrent.FutureTask.run(Unknown Source)
	at java.util.concurrent.ThreadPoolExecutor.runWorker(Unknown Source)
	at java.util.concurrent.ThreadPoolExecutor$Worker.run(Unknown Source)
	at java.lang.Thread.run(Unknown Source)
... Removed 7 stack frames]]>
    </failure>
  </testcase> <!-- infiniteloop -->
</testsuite> <!-- Test Sanity -->
